app/build/intermediates/manifest_merge_blame_file/release/manifest-merger-blame-release-report.txt
1<?xml version="1.0" encoding="utf-8"?>
2<manifest xmlns:android="http://schemas.android.com/apk/res/android"
3    package="com.trodix.camtext"
4    android:versionCode="5"
5    android:versionName="1.1.0" >
6
7    <uses-sdk
8        android:minSdkVersion="22"
8-->src\main\AndroidManifest.xml
9        android:targetSdkVersion="29" />
9-->src\main\AndroidManifest.xml
10    <!-- Adding Camera, Write External Storage Permission -->
11    <uses-feature android:name="android.hardware.camera.any" />
11-->src\main\AndroidManifest.xml:5:5-64
11-->src\main\AndroidManifest.xml:5:19-61
12
13    <uses-permission android:name="android.permission.CAMERA" />
13-->src\main\AndroidManifest.xml:7:5-65
13-->src\main\AndroidManifest.xml:7:22-62
14    <uses-permission android:name="android.permission.WRITE_EXTERNAL_STORAGE" />
14-->src\main\AndroidManifest.xml:8:5-81
14-->src\main\AndroidManifest.xml:8:22-78
15
16    <meta-data
16-->src\main\AndroidManifest.xml:10:5-12:31
17        android:name="com.google.mlkit.vision.DEPENDENCIES"
17-->src\main\AndroidManifest.xml:11:9-60
18        android:value="ocr" />
18-->src\main\AndroidManifest.xml:12:9-28
19
20    <!-- Although the *SdkVersion is captured in gradle build files, this is required for non gradle builds -->
21    <!-- <uses-sdk android:minSdkVersion="14"/> -->
22    <uses-permission android:name="android.permission.ACCESS_NETWORK_STATE" />
22-->[com.google.android.datatransport:transport-backend-cct:2.2.2] AndroidManifest.xml:25:5-79
22-->[com.google.android.datatransport:transport-backend-cct:2.2.2] AndroidManifest.xml:25:22-76
23    <uses-permission android:name="android.permission.INTERNET" /> <!-- The 'requestLegacyExternalStorage' attribute is "false" by default on apps targeting Android Q. -->
23-->[com.google.android.datatransport:transport-backend-cct:2.2.2] AndroidManifest.xml:26:5-67
23-->[com.google.android.datatransport:transport-backend-cct:2.2.2] AndroidManifest.xml:26:22-64
24    <application
24-->src\main\AndroidManifest.xml:16:5-56:19
25        android:allowBackup="true"
25-->src\main\AndroidManifest.xml:17:9-35
26        android:appComponentFactory="androidx.core.app.CoreComponentFactory"
26-->[androidx.core:core:1.1.0] AndroidManifest.xml:24:18-86
27        android:icon="@mipmap/ic_launcher"
27-->src\main\AndroidManifest.xml:18:9-43
28        android:label="@string/app_name"
28-->src\main\AndroidManifest.xml:19:9-41
29        android:requestLegacyExternalStorage="true"
29-->src\main\AndroidManifest.xml:23:9-52
30        android:roundIcon="@mipmap/ic_launcher_round"
30-->src\main\AndroidManifest.xml:20:9-54
31        android:supportsRtl="true"
31-->src\main\AndroidManifest.xml:21:9-35
32        android:theme="@style/AppTheme" >
32-->src\main\AndroidManifest.xml:22:9-40
33        <activity
33-->src\main\AndroidManifest.xml:24:9-26:45
34            android:name="com.trodix.camtext.AboutActivity"
34-->src\main\AndroidManifest.xml:25:13-60
35            android:label="@string/about" />
35-->src\main\AndroidManifest.xml:26:13-42
36        <activity
36-->src\main\AndroidManifest.xml:27:9-29:63
37            android:name="com.trodix.camtext.SettingsActivity"
37-->src\main\AndroidManifest.xml:28:13-63
38            android:label="@string/title_activity_settings" />
38-->src\main\AndroidManifest.xml:29:13-60
39        <activity
39-->src\main\AndroidManifest.xml:30:9-32:56
40            android:name="com.trodix.camtext.HistoryActivity"
40-->src\main\AndroidManifest.xml:31:13-62
41            android:label="@string/history_activity" />
41-->src\main\AndroidManifest.xml:32:13-53
42        <activity
42-->src\main\AndroidManifest.xml:33:9-47:20
43            android:name="com.trodix.camtext.ResultActivity"
43-->src\main\AndroidManifest.xml:34:13-61
44            android:configChanges="orientation|keyboardHidden|screenSize"
44-->src\main\AndroidManifest.xml:35:13-74
45            android:label="@string/result_activity"
45-->src\main\AndroidManifest.xml:36:13-52
46            android:theme="@style/AppTheme"
46-->src\main\AndroidManifest.xml:37:13-44
47            android:windowSoftInputMode="adjustResize|stateHidden" >
47-->src\main\AndroidManifest.xml:38:13-67
48            <intent-filter>
48-->src\main\AndroidManifest.xml:40:13-46:29
49                <action android:name="android.intent.action.SEND" />
49-->src\main\AndroidManifest.xml:41:17-69
49-->src\main\AndroidManifest.xml:41:25-66
50
51                <category android:name="android.intent.category.DEFAULT" />
51-->src\main\AndroidManifest.xml:43:17-76
51-->src\main\AndroidManifest.xml:43:27-73
52
53                <data android:mimeType="image/*" />
53-->src\main\AndroidManifest.xml:45:17-52
53-->src\main\AndroidManifest.xml:45:23-49
54            </intent-filter>
55        </activity>
56        <activity android:name="com.trodix.camtext.MainActivity" >
56-->src\main\AndroidManifest.xml:48:9-54:20
56-->src\main\AndroidManifest.xml:48:19-65
57            <intent-filter>
57-->src\main\AndroidManifest.xml:49:13-53:29
58                <action android:name="android.intent.action.MAIN" />
58-->src\main\AndroidManifest.xml:50:17-69
58-->src\main\AndroidManifest.xml:50:25-66
59
60                <category android:name="android.intent.category.LAUNCHER" />
60-->src\main\AndroidManifest.xml:52:17-77
60-->src\main\AndroidManifest.xml:52:27-74
61            </intent-filter>
62        </activity>
63
64        <service
64-->[com.google.android.gms:play-services-mlkit-text-recognition:16.0.0] AndroidManifest.xml:9:9-15:19
65            android:name="com.google.mlkit.common.internal.MlKitComponentDiscoveryService"
65-->[com.google.android.gms:play-services-mlkit-text-recognition:16.0.0] AndroidManifest.xml:10:13-91
66            android:directBootAware="true"
66-->[com.google.mlkit:common:16.0.0] AndroidManifest.xml:17:13-43
67            android:exported="false" >
67-->[com.google.android.gms:play-services-mlkit-text-recognition:16.0.0] AndroidManifest.xml:11:13-37
68            <meta-data
68-->[com.google.android.gms:play-services-mlkit-text-recognition:16.0.0] AndroidManifest.xml:12:13-14:85
69                android:name="com.google.firebase.components:com.google.mlkit.vision.text.internal.TextRegistrar"
69-->[com.google.android.gms:play-services-mlkit-text-recognition:16.0.0] AndroidManifest.xml:13:17-114
70                android:value="com.google.firebase.components.ComponentRegistrar" />
70-->[com.google.android.gms:play-services-mlkit-text-recognition:16.0.0] AndroidManifest.xml:14:17-82
71            <meta-data
71-->[com.google.mlkit:language-id:16.1.0] AndroidManifest.xml:11:13-13:85
72                android:name="com.google.firebase.components:com.google.mlkit.nl.languageid.LanguageIdRegistrar"
72-->[com.google.mlkit:language-id:16.1.0] AndroidManifest.xml:12:17-113
73                android:value="com.google.firebase.components.ComponentRegistrar" />
73-->[com.google.mlkit:language-id:16.1.0] AndroidManifest.xml:13:17-82
74            <meta-data
74-->[com.google.mlkit:vision-common:16.0.0] AndroidManifest.xml:12:13-14:85
75                android:name="com.google.firebase.components:com.google.mlkit.vision.common.internal.VisionCommonRegistrar"
75-->[com.google.mlkit:vision-common:16.0.0] AndroidManifest.xml:13:17-124
76                android:value="com.google.firebase.components.ComponentRegistrar" />
76-->[com.google.mlkit:vision-common:16.0.0] AndroidManifest.xml:14:17-82
77            <meta-data
77-->[com.google.mlkit:common:16.0.0] AndroidManifest.xml:20:13-22:85
78                android:name="com.google.firebase.components:com.google.mlkit.common.internal.CommonComponentRegistrar"
78-->[com.google.mlkit:common:16.0.0] AndroidManifest.xml:21:17-120
79                android:value="com.google.firebase.components.ComponentRegistrar" />
79-->[com.google.mlkit:common:16.0.0] AndroidManifest.xml:22:17-82
80        </service>
81
82        <provider
82-->[com.google.mlkit:common:16.0.0] AndroidManifest.xml:9:9-13:38
83            android:name="com.google.mlkit.common.internal.MlKitInitProvider"
83-->[com.google.mlkit:common:16.0.0] AndroidManifest.xml:10:13-78
84            android:authorities="com.trodix.camtext.mlkitinitprovider"
84-->[com.google.mlkit:common:16.0.0] AndroidManifest.xml:11:13-69
85            android:exported="false"
85-->[com.google.mlkit:common:16.0.0] AndroidManifest.xml:12:13-37
86            android:initOrder="99" />
86-->[com.google.mlkit:common:16.0.0] AndroidManifest.xml:13:13-35
87
88        <activity
88-->[com.google.android.gms:play-services-base:17.0.0] AndroidManifest.xml:23:9-26:75
89            android:name="com.google.android.gms.common.api.GoogleApiActivity"
89-->[com.google.android.gms:play-services-base:17.0.0] AndroidManifest.xml:24:13-79
90            android:exported="false"
90-->[com.google.android.gms:play-services-base:17.0.0] AndroidManifest.xml:25:13-37
91            android:theme="@android:style/Theme.Translucent.NoTitleBar" />
91-->[com.google.android.gms:play-services-base:17.0.0] AndroidManifest.xml:26:13-72
92
93        <meta-data
93-->[com.google.android.gms:play-services-basement:17.0.0] AndroidManifest.xml:23:9-25:69
94            android:name="com.google.android.gms.version"
94-->[com.google.android.gms:play-services-basement:17.0.0] AndroidManifest.xml:24:13-58
95            android:value="@integer/google_play_services_version" />
95-->[com.google.android.gms:play-services-basement:17.0.0] AndroidManifest.xml:25:13-66
96
97        <service
97-->[com.google.android.datatransport:transport-backend-cct:2.2.2] AndroidManifest.xml:29:9-35:19
98            android:name="com.google.android.datatransport.runtime.backends.TransportBackendDiscovery"
98-->[com.google.android.datatransport:transport-backend-cct:2.2.2] AndroidManifest.xml:30:13-103
99            android:exported="false" >
99-->[com.google.android.datatransport:transport-backend-cct:2.2.2] AndroidManifest.xml:31:13-37
100            <meta-data
100-->[com.google.android.datatransport:transport-backend-cct:2.2.2] AndroidManifest.xml:32:13-34:39
101                android:name="backend:com.google.android.datatransport.cct.CctBackendFactory"
101-->[com.google.android.datatransport:transport-backend-cct:2.2.2] AndroidManifest.xml:33:17-94
102                android:value="cct" />
102-->[com.google.android.datatransport:transport-backend-cct:2.2.2] AndroidManifest.xml:34:17-36
103        </service>
104        <service
104-->[com.google.android.datatransport:transport-runtime:2.2.2] AndroidManifest.xml:26:9-30:19
105            android:name="com.google.android.datatransport.runtime.scheduling.jobscheduling.JobInfoSchedulerService"
105-->[com.google.android.datatransport:transport-runtime:2.2.2] AndroidManifest.xml:27:13-117
106            android:exported="false"
106-->[com.google.android.datatransport:transport-runtime:2.2.2] AndroidManifest.xml:28:13-37
107            android:permission="android.permission.BIND_JOB_SERVICE" >
107-->[com.google.android.datatransport:transport-runtime:2.2.2] AndroidManifest.xml:29:13-69
108        </service>
109
110        <receiver
110-->[com.google.android.datatransport:transport-runtime:2.2.2] AndroidManifest.xml:32:9-34:40
111            android:name="com.google.android.datatransport.runtime.scheduling.jobscheduling.AlarmManagerSchedulerBroadcastReceiver"
111-->[com.google.android.datatransport:transport-runtime:2.2.2] AndroidManifest.xml:33:13-132
112            android:exported="false" />
112-->[com.google.android.datatransport:transport-runtime:2.2.2] AndroidManifest.xml:34:13-37
113    </application>
114
115</manifest>